<?xml version="1.0" encoding="UTF-8"?>
<!-- Generated by org.testng.reporters.JUnitReportReporter -->
<testsuite skipped="0" hostname="DESKTOP-BODON4L" name="Runners.TestRunner" tests="18" failures="0" timestamp="2022-05-14T15:01:50 EET" time="422.771" errors="0">
  <testcase name="runScenario" time="22.009" classname="Runners.TestRunner"/>
  <system-out/>
  <testcase name="runScenario" time="11.310" classname="Runners.TestRunner"/>
  <system-out/>
  <testcase name="runScenario" time="14.250" classname="Runners.TestRunner"/>
  <system-out/>
  <testcase name="runScenario" time="22.692" classname="Runners.TestRunner"/>
  <system-out/>
  <testcase name="runScenario" time="48.205" classname="Runners.TestRunner"/>
  <system-out/>
  <testcase name="runScenario" time="13.901" classname="Runners.TestRunner"/>
  <system-out/>
  <testcase name="runScenario" time="13.073" classname="Runners.TestRunner"/>
  <system-out/>
  <testcase name="runScenario" time="71.000" classname="Runners.TestRunner"/>
  <system-out/>
  <testcase name="runScenario" time="18.588" classname="Runners.TestRunner"/>
  <system-out/>
  <testcase name="runScenario" time="48.678" classname="Runners.TestRunner"/>
  <system-out/>
  <testcase name="runScenario" time="11.603" classname="Runners.TestRunner"/>
  <system-out/>
  <testcase name="runScenario" time="22.090" classname="Runners.TestRunner"/>
  <system-out/>
  <testcase name="runScenario" time="14.094" classname="Runners.TestRunner"/>
  <system-out/>
  <testcase name="runScenario" time="30.847" classname="Runners.TestRunner"/>
  <system-out/>
  <testcase name="runScenario" time="18.686" classname="Runners.TestRunner"/>
  <system-out/>
  <testcase name="runScenario" time="16.449" classname="Runners.TestRunner"/>
  <system-out/>
  <testcase name="runScenario" time="9.645" classname="Runners.TestRunner"/>
  <system-out/>
  <testcase name="runScenario" time="15.651" classname="Runners.TestRunner"/>
  <system-out/>
</testsuite> <!-- Runners.TestRunner -->
